<?xml version="1.0" encoding="UTF-8"?>
<testng-results ignored="0" total="2" passed="2" failed="0" skipped="0">
  <reporter-output>
  </reporter-output>
  <suite started-at="2023-02-22T17:07:08 IST" name="Suite_Pushpa" finished-at="2023-02-22T17:11:12 IST" duration-ms="243718">
    <groups>
    </groups>
    <test started-at="2023-02-22T17:07:08 IST" name="Test" finished-at="2023-02-22T17:11:12 IST" duration-ms="243718">
      <class name="get_dataof_Pushpa.TestClass_Pushpa_TheRise_IMDB">
        <test-method is-config="true" signature="launch_Browser()[pri:0, instance:get_dataof_Pushpa.TestClass_Pushpa_TheRise_IMDB@63355449]" started-at="2023-02-22T17:08:04 IST" name="launch_Browser" finished-at="2023-02-22T17:08:05 IST" duration-ms="956" status="PASS">
          <reporter-output>
          </reporter-output>
        </test-method> <!-- launch_Browser -->
        <test-method is-config="true" signature="launchsites()[pri:0, instance:get_dataof_Pushpa.TestClass_Pushpa_TheRise_IMDB@63355449]" started-at="2023-02-22T17:08:05 IST" name="launchsites" finished-at="2023-02-22T17:11:06 IST" duration-ms="180902" status="PASS">
          <reporter-output>
          </reporter-output>
        </test-method> <!-- launchsites -->
        <test-method signature="getThedetails_IMDB()[pri:0, instance:get_dataof_Pushpa.TestClass_Pushpa_TheRise_IMDB@63355449]" started-at="2023-02-22T17:11:06 IST" name="getThedetails_IMDB" finished-at="2023-02-22T17:11:06 IST" duration-ms="213" status="PASS">
          <reporter-output>
          </reporter-output>
        </test-method> <!-- getThedetails_IMDB -->
        <test-method is-config="true" signature="clearObjects()[pri:0, instance:get_dataof_Pushpa.TestClass_Pushpa_TheRise_IMDB@63355449]" started-at="2023-02-22T17:11:06 IST" name="clearObjects" finished-at="2023-02-22T17:11:06 IST" duration-ms="0" status="PASS">
          <reporter-output>
          </reporter-output>
        </test-method> <!-- clearObjects -->
        <test-method is-config="true" signature="closeBrowser()[pri:0, instance:get_dataof_Pushpa.TestClass_Pushpa_TheRise_IMDB@63355449]" started-at="2023-02-22T17:11:06 IST" name="closeBrowser" finished-at="2023-02-22T17:11:12 IST" duration-ms="5444" status="PASS">
          <reporter-output>
          </reporter-output>
        </test-method> <!-- closeBrowser -->
      </class> <!-- get_dataof_Pushpa.TestClass_Pushpa_TheRise_IMDB -->
      <class name="get_dataof_Pushpa.TestClass_Pushpa_TheRise_WIKI">
        <test-method is-config="true" signature="launch_Browser()[pri:0, instance:get_dataof_Pushpa.TestClass_Pushpa_TheRise_WIKI@57c758ac]" started-at="2023-02-22T17:07:08 IST" name="launch_Browser" finished-at="2023-02-22T17:07:11 IST" duration-ms="2988" status="PASS">
          <reporter-output>
          </reporter-output>
        </test-method> <!-- launch_Browser -->
        <test-method is-config="true" signature="launchsites()[pri:0, instance:get_dataof_Pushpa.TestClass_Pushpa_TheRise_WIKI@57c758ac]" started-at="2023-02-22T17:07:11 IST" name="launchsites" finished-at="2023-02-22T17:07:58 IST" duration-ms="47192" status="PASS">
          <reporter-output>
          </reporter-output>
        </test-method> <!-- launchsites -->
        <test-method signature="getThedetails_WIKI()[pri:0, instance:get_dataof_Pushpa.TestClass_Pushpa_TheRise_WIKI@57c758ac]" started-at="2023-02-22T17:07:58 IST" name="getThedetails_WIKI" finished-at="2023-02-22T17:07:58 IST" duration-ms="185" status="PASS">
          <reporter-output>
          </reporter-output>
        </test-method> <!-- getThedetails_WIKI -->
        <test-method is-config="true" signature="clearObjects()[pri:0, instance:get_dataof_Pushpa.TestClass_Pushpa_TheRise_WIKI@57c758ac]" started-at="2023-02-22T17:07:58 IST" name="clearObjects" finished-at="2023-02-22T17:07:58 IST" duration-ms="1" status="PASS">
          <reporter-output>
          </reporter-output>
        </test-method> <!-- clearObjects -->
        <test-method is-config="true" signature="closeBrowser()[pri:0, instance:get_dataof_Pushpa.TestClass_Pushpa_TheRise_WIKI@57c758ac]" started-at="2023-02-22T17:07:58 IST" name="closeBrowser" finished-at="2023-02-22T17:08:04 IST" duration-ms="5772" status="PASS">
          <reporter-output>
          </reporter-output>
        </test-method> <!-- closeBrowser -->
      </class> <!-- get_dataof_Pushpa.TestClass_Pushpa_TheRise_WIKI -->
    </test> <!-- Test -->
  </suite> <!-- Suite_Pushpa -->
</testng-results>
